dahuaMobile/proguard/seeds.txt
com.dahuatech.app.AppConfig
com.dahuatech.app.AppConfig: java.lang.String CONF_APP_UNIQUEID
com.dahuatech.app.AppConfig: java.lang.String CONF_COOKIE
com.dahuatech.app.AppConfig: java.lang.String CONF_LOAD_IMAGE
com.dahuatech.app.AppConfig: java.lang.String CONF_SCROLL
com.dahuatech.app.AppConfig: java.lang.String CONF_HTTPS_LOGIN
com.dahuatech.app.AppConfig: java.lang.String CONF_VOICE
com.dahuatech.app.AppConfig: java.lang.String CONF_CHECKUP
com.dahuatech.app.AppConfig: java.lang.String SAVE_IMAGE_PATH
com.dahuatech.app.AppConfig: java.lang.String DEFAULT_SAVE_IMAGE_PATH
com.dahuatech.app.AppConfig: AppConfig()
com.dahuatech.app.AppConfig: com.dahuatech.app.AppConfig getAppConfig(android.content.Context)
com.dahuatech.app.AppConfig: android.content.SharedPreferences getSharedPreferences(android.content.Context)
com.dahuatech.app.AppConfig: boolean isLoadImage(android.content.Context)
com.dahuatech.app.AppConfig: java.lang.String getCookie()
com.dahuatech.app.AppConfig: java.lang.String get(java.lang.String)
com.dahuatech.app.AppConfig: void set(java.util.Properties)
com.dahuatech.app.AppConfig: void set(java.lang.String,java.lang.String)
com.dahuatech.app.AppConfig: void remove(java.lang.String[])
com.dahuatech.app.AppConfig: java.util.Properties get()
com.dahuatech.app.AppContext
com.dahuatech.app.AppContext: java.lang.String GUIDEANDWELCOME_CONFIG_FILE
com.dahuatech.app.AppContext: java.lang.String IS_FIRST_COUNT_KEY
com.dahuatech.app.AppContext: long LOGINACTIVITY_SESSION
com.dahuatech.app.AppContext: java.lang.String LOGINACTIVITY_CONFIG_FILE
com.dahuatech.app.AppContext: java.lang.String USER_NAME_KEY
com.dahuatech.app.AppContext: java.lang.String PASSWORD_KEY
com.dahuatech.app.AppContext: java.lang.String FITEMNAME_KEY
com.dahuatech.app.AppContext: java.lang.String ACCURATE_EXPIRES_TIME
com.dahuatech.app.AppContext: java.lang.String FNOTICE_ALARM_KEY
com.dahuatech.app.AppContext: java.lang.String FNOTICE_LOGIN_IS_SHOW_KEY
com.dahuatech.app.AppContext: java.lang.String FLOGIN_IS_FIRST_KEY
com.dahuatech.app.AppContext: java.lang.String FITEMNUMBER_KEY
com.dahuatech.app.AppContext: java.lang.String SETTINGACTIVITY_CONFIG_FILE
com.dahuatech.app.AppContext: java.lang.String IS_NOTICE_KEY
com.dahuatech.app.AppContext: java.lang.String IS_GESTURES_KEY
com.dahuatech.app.AppContext: java.lang.String IS_EXPENSE_JURNEY_KEY
com.dahuatech.app.AppContext: java.lang.String IS_EXPENSE_ADDRESS_KEY
com.dahuatech.app.AppContext: java.lang.String IS_EXPENSE_TIME_KEY
com.dahuatech.app.AppContext: java.lang.String GESTURES_PASSWORD_SOURCE_KEY
com.dahuatech.app.AppContext: java.lang.String TASKLISTACTIVITY_CONFIG_FILE
com.dahuatech.app.AppContext: java.lang.String FSTATUS_KEY
com.dahuatech.app.AppContext$1: com.dahuatech.app.AppContext this$0
com.dahuatech.app.AppContext$1: AppContext$1(com.dahuatech.app.AppContext,com.dahuatech.app.bean.UserInfo)
...
android.support.v4.widget.ViewDragHelper
android.support.v4.widget.ViewDragHelper: java.lang.String TAG
android.support.v4.widget.ViewDragHelper: int INVALID_POINTER
android.support.v4.widget.ViewDragHelper: int STATE_IDLE
android.support.v4.widget.ViewDragHelper: int STATE_DRAGGING
android.support.v4.widget.ViewDragHelper: int STATE_SETTLING
android.support.v4.widget.ViewDragHelper: int EDGE_LEFT
android.support.v4.widget.ViewDragHelper: int EDGE_RIGHT
android.support.v4.widget.ViewDragHelper: int EDGE_TOP
android.support.v4.widget.ViewDragHelper: int EDGE_BOTTOM
android.support.v4.widget.ViewDragHelper: int EDGE_ALL
android.support.v4.widget.ViewDragHelper: int DIRECTION_HORIZONTAL
android.support.v4.widget.ViewDragHelper: int DIRECTION_VERTICAL
android.support.v4.widget.ViewDragHelper: int DIRECTION_ALL
android.support.v4.widget.ViewDragHelper: int EDGE_SIZE
android.support.v4.widget.ViewDragHelper: int BASE_SETTLE_DURATION
android.support.v4.widget.ViewDragHelper: int MAX_SETTLE_DURATION
android.support.v4.widget.ViewDragHelper: int mDragState
android.support.v4.widget.ViewDragHelper: int mTouchSlop
android.support.v4.widget.ViewDragHelper: int mActivePointerId
android.support.v4.widget.ViewDragHelper: float[] mInitialMotionX
android.support.v4.widget.ViewDragHelper: float[] mInitialMotionY
android.support.v4.widget.ViewDragHelper: float[] mLastMotionX
android.support.v4.widget.ViewDragHelper: float[] mLastMotionY
android.support.v4.widget.ViewDragHelper$1
android.support.v4.widget.ViewDragHelper$1: ViewDragHelper$1()
android.support.v4.widget.ViewDragHelper$1: float getInterpolation(float)
android.support.v4.widget.ViewDragHelper$2
android.support.v4.widget.ViewDragHelper$2: android.support.v4.widget.ViewDragHelper this$0
android.support.v4.widget.ViewDragHelper$2: ViewDragHelper$2(android.support.v4.widget.ViewDragHelper)
android.support.v4.widget.ViewDragHelper$2: void run()
android.support.v4.widget.ViewDragHelper$Callback
android.support.v4.widget.ViewDragHelper$Callback: ViewDragHelper$Callback()
android.support.v4.widget.ViewDragHelper$Callback: void onViewDragStateChanged(int)
android.support.v4.widget.ViewDragHelper$Callback: void onViewPositionChanged(android.view.View,int,int,int,int)
android.support.v4.widget.ViewDragHelper$Callback: void onViewCaptured(android.view.View,int)
android.support.v4.widget.ViewDragHelper$Callback: void onViewReleased(android.view.View,float,float)
android.support.v4.widget.ViewDragHelper$Callback: void onEdgeTouched(int,int)
android.support.v4.widget.ViewDragHelper$Callback: boolean onEdgeLock(int)
android.support.v4.widget.ViewDragHelper$Callback: void onEdgeDragStarted(int,int)
android.support.v4.widget.ViewDragHelper$Callback: int getOrderedChildIndex(int)
android.support.v4.widget.ViewDragHelper$Callback: int getViewHorizontalDragRange(android.view.View)
android.support.v4.widget.ViewDragHelper$Callback: int getViewVerticalDragRange(android.view.View)
android.support.v4.widget.ViewDragHelper$Callback: boolean tryCaptureView(android.view.View,int)
android.support.v4.widget.ViewDragHelper$Callback: int clampViewPositionHorizontal(android.view.View,int,int)
android.support.v4.widget.ViewDragHelper$Callback: int clampViewPositionVertical(android.view.View,int,int)