dahuaMobile/proguard/mapping.txt
com.dahuatech.app.AppConfig -> com.dahuatech.app.AppConfig:
    java.lang.String CONF_APP_UNIQUEID -> CONF_APP_UNIQUEID
    java.lang.String CONF_COOKIE -> CONF_COOKIE
    java.lang.String CONF_LOAD_IMAGE -> CONF_LOAD_IMAGE
    java.lang.String CONF_SCROLL -> CONF_SCROLL
    java.lang.String CONF_HTTPS_LOGIN -> CONF_HTTPS_LOGIN
    java.lang.String CONF_VOICE -> CONF_VOICE
    java.lang.String CONF_CHECKUP -> CONF_CHECKUP
    java.lang.String SAVE_IMAGE_PATH -> SAVE_IMAGE_PATH
    java.lang.String DEFAULT_SAVE_IMAGE_PATH -> DEFAULT_SAVE_IMAGE_PATH
    android.content.Context mContext -> a
    com.dahuatech.app.AppConfig appConfig -> b
    com.dahuatech.app.AppConfig getAppConfig(android.content.Context) -> getAppConfig
    android.content.SharedPreferences getSharedPreferences(android.content.Context) -> getSharedPreferences
    boolean isLoadImage(android.content.Context) -> isLoadImage
    java.lang.String getCookie() -> getCookie
    java.lang.String get(java.lang.String) -> get
    void set(java.util.Properties) -> set
    void set(java.lang.String,java.lang.String) -> set
    void remove(java.lang.String[]) -> remove
    java.util.Properties get() -> get
    void setProps(java.util.Properties) -> a
com.dahuatech.app.AppContext -> com.dahuatech.app.AppContext:
    java.lang.String GUIDEANDWELCOME_CONFIG_FILE -> GUIDEANDWELCOME_CONFIG_FILE
    java.lang.String IS_FIRST_COUNT_KEY -> IS_FIRST_COUNT_KEY
    long LOGINACTIVITY_SESSION -> LOGINACTIVITY_SESSION
    java.lang.String LOGINACTIVITY_CONFIG_FILE -> LOGINACTIVITY_CONFIG_FILE
    java.lang.String USER_NAME_KEY -> USER_NAME_KEY
    java.lang.String PASSWORD_KEY -> PASSWORD_KEY
    java.lang.String FITEMNAME_KEY -> FITEMNAME_KEY
    java.lang.String ACCURATE_EXPIRES_TIME -> ACCURATE_EXPIRES_TIME
    java.lang.String FNOTICE_ALARM_KEY -> FNOTICE_ALARM_KEY
    java.lang.String FNOTICE_LOGIN_IS_SHOW_KEY -> FNOTICE_LOGIN_IS_SHOW_KEY
    java.lang.String FLOGIN_IS_FIRST_KEY -> FLOGIN_IS_FIRST_KEY
    java.lang.String FITEMNUMBER_KEY -> FITEMNUMBER_KEY
    java.lang.String SETTINGACTIVITY_CONFIG_FILE -> SETTINGACTIVITY_CONFIG_FILE
    java.lang.String IS_NOTICE_KEY -> IS_NOTICE_KEY
    java.lang.String IS_GESTURES_KEY -> IS_GESTURES_KEY
    java.lang.String IS_EXPENSE_JURNEY_KEY -> IS_EXPENSE_JURNEY_KEY
    java.lang.String IS_EXPENSE_ADDRESS_KEY -> IS_EXPENSE_ADDRESS_KEY
    java.lang.String IS_EXPENSE_TIME_KEY -> IS_EXPENSE_TIME_KEY
    java.lang.String GESTURES_PASSWORD_SOURCE_KEY -> GESTURES_PASSWORD_SOURCE_KEY
    java.lang.String TASKLISTACTIVITY_CONFIG_FILE -> TASKLISTACTIVITY_CONFIG_FILE
    java.lang.String FSTATUS_KEY -> FSTATUS_KEY
    java.lang.String FTOTALCOUNT_KEY -> FTOTALCOUNT_KEY
com.dahuatech.app.AppContext$1 -> cp:
    com.dahuatech.app.AppContext this$0 -> this$0
...
com.google.gson.JsonIOException -> com.google.gson.JsonIOException:
    long serialVersionUID -> serialVersionUID
com.google.gson.JsonNull -> com.google.gson.JsonNull:
    com.google.gson.JsonNull INSTANCE -> INSTANCE
    com.google.gson.JsonNull deepCopy() -> deepCopy
    int hashCode() -> hashCode
    boolean equals(java.lang.Object) -> equals
    com.google.gson.JsonElement deepCopy() -> deepCopy
com.google.gson.JsonObject -> com.google.gson.JsonObject:
    com.google.gson.internal.LinkedTreeMap members -> members
    com.google.gson.JsonObject deepCopy() -> deepCopy
    void add(java.lang.String,com.google.gson.JsonElement) -> add
    com.google.gson.JsonElement remove(java.lang.String) -> remove
    void addProperty(java.lang.String,java.lang.String) -> addProperty
    void addProperty(java.lang.String,java.lang.Number) -> addProperty
    void addProperty(java.lang.String,java.lang.Boolean) -> addProperty
    void addProperty(java.lang.String,java.lang.Character) -> addProperty
    com.google.gson.JsonElement createJsonElement(java.lang.Object) -> createJsonElement
    java.util.Set entrySet() -> entrySet
    boolean has(java.lang.String) -> has
    com.google.gson.JsonElement get(java.lang.String) -> get
    com.google.gson.JsonPrimitive getAsJsonPrimitive(java.lang.String) -> getAsJsonPrimitive
    com.google.gson.JsonArray getAsJsonArray(java.lang.String) -> getAsJsonArray
    com.google.gson.JsonObject getAsJsonObject(java.lang.String) -> getAsJsonObject
    boolean equals(java.lang.Object) -> equals
    int hashCode() -> hashCode
    com.google.gson.JsonElement deepCopy() -> deepCopy
com.google.gson.JsonParseException -> com.google.gson.JsonParseException:
    long serialVersionUID -> serialVersionUID
com.google.gson.JsonParser -> com.google.gson.JsonParser:
    com.google.gson.JsonElement parse(java.lang.String) -> parse
    com.google.gson.JsonElement parse(java.io.Reader) -> parse
    com.google.gson.JsonElement parse(com.google.gson.stream.JsonReader) -> parse
com.google.gson.JsonPrimitive -> com.google.gson.JsonPrimitive:
    java.lang.Class[] PRIMITIVE_TYPES -> PRIMITIVE_TYPES
    java.lang.Object value -> value
    com.google.gson.JsonPrimitive deepCopy() -> deepCopy
    void setValue(java.lang.Object) -> setValue
    boolean isBoolean() -> isBoolean
    java.lang.Boolean getAsBooleanWrapper() -> getAsBooleanWrapper
    boolean getAsBoolean() -> getAsBoolean
    boolean isNumber() -> isNumber
    java.lang.Number getAsNumber() -> getAsNumber
    boolean isString() -> isString
    java.lang.String getAsString() -> getAsString
    double getAsDouble() -> getAsDouble
    java.math.BigDecimal getAsBigDecimal() -> getAsBigDecimal
    java.math.BigInteger getAsBigInteger() -> getAsBigInteger
    float getAsFloat() -> getAsFloat
    long getAsLong() -> getAsLong
    short getAsShort() -> getAsShort
    int getAsInt() -> getAsInt
    byte getAsByte() -> getAsByte
    char getAsCharacter() -> getAsCharacter
    boolean isPrimitiveOrString(java.lang.Object) -> isPrimitiveOrString
    int hashCode() -> hashCode
    boolean equals(java.lang.Object) -> equals
    boolean isIntegral(com.google.gson.JsonPrimitive) -> isIntegral
    com.google.gson.JsonElement deepCopy() -> deepCopy
com.google.gson.JsonSerializationContext -> com.google.gson.JsonSerializationContext:
    com.google.gson.JsonElement serialize(java.lang.Object) -> serialize
    com.google.gson.JsonElement serialize(java.lang.Object,java.lang.reflect.Type) -> serialize
com.google.gson.JsonSerializer -> com.google.gson.JsonSerializer:
    com.google.gson.JsonElement serialize(java.lang.Object,java.lang.reflect.Type,com.google.gson.JsonSerializationContext) -> serialize