dahuaMobile/proguard/usage.txt
com.dahuatech.app.AppConfig:
    private static final java.lang.String APP_CONFIG
com.dahuatech.app.AppContext:
    private static final int CACHE_TIME
    803:803:private boolean isReadDataCache(java.lang.String)
com.dahuatech.app.AppException:
    private static final boolean Debug
    269:286:private boolean handleException(java.lang.Throwable)
com.dahuatech.app.AppException$2
com.dahuatech.app.AppGuide:
    private static final int picsLength
com.dahuatech.app.AppUrl:
    private static final java.lang.String URL_SPLITTER
    private static final java.lang.String URL_API_HOST
    private static final java.lang.String ANDROID_SERVICE
    private static final java.lang.String URL_API_HOST_ANDROID
com.dahuatech.app.api.ApiClient:
    private static final java.lang.String TAG
com.dahuatech.app.bean.LogsRecordInfo$singletonHolder:
    63:63:private LogsRecordInfo$singletonHolder()
com.dahuatech.app.bean.RepositoryInfo$singletonHolder:
    89:89:private RepositoryInfo$singletonHolder()
com.dahuatech.app.bean.SqlParametersInfo$singletonHolder:
    77:77:private SqlParametersInfo$singletonHolder()
com.dahuatech.app.bean.UpdateInfo$singletonHolder:
    54:54:private UpdateInfo$singletonHolder()
com.dahuatech.app.bean.UserInfo$singletonHolder:
    54:54:private UserInfo$singletonHolder()
com.dahuatech.app.bean.attendance.AdAmapListInfo$SingletonHolder:
    30:30:private AdAmapListInfo$SingletonHolder()
com.dahuatech.app.bean.attendance.AdCheckInfo$SingletonHolder:
    69:69:private AdCheckInfo$SingletonHolder()
com.dahuatech.app.bean.attendance.AdCheckStatusInfo$SingletonHolder:
    45:45:private AdCheckStatusInfo$SingletonHolder()
com.dahuatech.app.bean.develophour.DHConfirmListPersonParamInfo$singletonHolder:
    55:55:private DHConfirmListPersonParamInfo$singletonHolder()
com.dahuatech.app.bean.develophour.DHConfirmParamInfo$singletonHolder:
    41:41:private DHConfirmParamInfo$singletonHolder()
com.dahuatech.app.bean.develophour.DHDetailInfo$SingletonHolder:
    83:83:private DHDetailInfo$SingletonHolder()
com.dahuatech.app.bean.develophour.DHDetailParamInfo$SingletonHolder:
    48:48:private DHDetailParamInfo$SingletonHolder()
com.dahuatech.app.bean.develophour.DHListParamInfo$singletonHolder:
    41:41:private DHListParamInfo$singletonHolder()
com.dahuatech.app.bean.develophour.DHProjectParamInfo$SingletonHolder:
    46:46:private DHProjectParamInfo$SingletonHolder()
com.dahuatech.app.bean.develophour.DHUploadConfirmInfo$SingletonHolder:
    48:48:private DHUploadConfirmInfo$SingletonHolder()
com.dahuatech.app.bean.expense.ExpenseFlowDetailInfo$singletonHolder:
    245:245:private ExpenseFlowDetailInfo$singletonHolder()
com.dahuatech.app.bean.expense.FlowParamInfo$singletonHolder:
    55:55:private FlowParamInfo$singletonHolder()
com.dahuatech.app.bean.expense.FlowSearchParamInfo$singletonHolder:
    55:55:private FlowSearchParamInfo$singletonHolder()
com.dahuatech.app.bean.market.MarketBidHistoryInfo$singletonHolder:
    36:36:private MarketBidHistoryInfo$singletonHolder()
com.dahuatech.app.bean.market.MarketContractHistoryInfo$singletonHolder:
    36:36:private MarketContractHistoryInfo$singletonHolder()
com.dahuatech.app.bean.market.MarketSearchParamInfo$singletonHolder:
    47:47:private MarketSearchParamInfo$singletonHolder()
com.dahuatech.app.bean.meeting.MeetingDetailInfo$singletonHolder:
    145:145:private MeetingDetailInfo$singletonHolder()
com.dahuatech.app.bean.meeting.MeetingInitParamInfo$singletonHolder:
    64:64:private MeetingInitParamInfo$singletonHolder()
com.dahuatech.app.bean.meeting.MeetingListParamInfo$singletonHolder:
    41:41:private MeetingListParamInfo$singletonHolder()
com.dahuatech.app.bean.meeting.MeetingSearchParamInfo$singletonHolder:
    82:82:private MeetingSearchParamInfo$singletonHolder()
com.dahuatech.app.bean.mytask.ApplyDaysOffDevelopInfo$singletonHolder:
    100:100:private ApplyDaysOffDevelopInfo$singletonHolder()
...
com.actionbarsherlock.app.SherlockFragmentActivity:
    private static final java.lang.String TAG
com.actionbarsherlock.internal.ActionBarSherlockCompat:
    private static final java.lang.String PANELS_TAG
com.actionbarsherlock.internal.ResourcesCompat:
    private static final java.lang.String TAG
com.actionbarsherlock.internal.app.ActionBarImpl:
    private static final int CONTEXT_DISPLAY_NORMAL
    private static final int CONTEXT_DISPLAY_SPLIT
    private static final int INVALID_POSITION
    java.lang.Runnable mTabSelector
com.actionbarsherlock.internal.nineoldandroids.animation.AnimatorSet$Dependency:
    static final int WITH
    static final int AFTER
com.actionbarsherlock.internal.nineoldandroids.animation.ObjectAnimator:
    private static final boolean DBG
com.actionbarsherlock.internal.nineoldandroids.animation.ValueAnimator:
    private static final long DEFAULT_FRAME_DELAY
    static final int ANIMATION_START
    static final int ANIMATION_FRAME
    static final int STOPPED
    static final int RUNNING
    static final int SEEKED
com.actionbarsherlock.internal.view.menu.ActionMenuItem:
    private static final int CHECKABLE
    private static final int CHECKED
    private static final int EXCLUSIVE
    private static final int HIDDEN
    private static final int ENABLED
com.actionbarsherlock.internal.view.menu.ActionMenuPresenter$HasPermanentMenuKey:
    128:128:private ActionMenuPresenter$HasPermanentMenuKey()
com.actionbarsherlock.internal.view.menu.ActionMenuView:
    static final int MIN_CELL_SIZE
    static final int GENERATED_ITEM_PADDING
com.actionbarsherlock.internal.view.menu.MenuBuilder:
    private static final java.lang.String PRESENTER_KEY
    private static final java.lang.String ACTION_VIEW_STATES_KEY
    private static final java.lang.String EXPANDED_ACTION_VIEW_ID
    1222:1223:void setOptionalIconsVisible(boolean)
com.actionbarsherlock.internal.view.menu.MenuItemImpl:
    private static final java.lang.String TAG
    private static final int SHOW_AS_ACTION_MASK
    private static final int CHECKABLE
    private static final int CHECKED
    private static final int EXCLUSIVE
    private static final int HIDDEN
    private static final int ENABLED
    private static final int IS_ACTION
    static final int NO_ICON
    216:216:java.lang.Runnable getCallback()
com.actionbarsherlock.internal.widget.AbsActionBarView:
    private static final int FADE_DURATION
com.actionbarsherlock.internal.widget.ActionBarContextView:
    private static final int ANIMATE_IDLE
    private static final int ANIMATE_IN
    private static final int ANIMATE_OUT
com.actionbarsherlock.internal.widget.ActionBarView:
    private static final java.lang.String TAG
    private static final int DISPLAY_RELAYOUT_MASK
    private static final int DEFAULT_CUSTOM_GRAVITY
com.actionbarsherlock.internal.widget.CapitalizingButton:
    private static final int R_styleable_Button_textAppearance
    private static final int R_styleable_TextAppearance_textAllCaps
com.actionbarsherlock.internal.widget.CapitalizingTextView:
    private static final int R_styleable_TextView_textAllCaps
com.actionbarsherlock.internal.widget.IcsAdapterView:
    static final int SYNC_SELECTED_POSITION
    static final int SYNC_FIRST_POSITION
    static final int SYNC_MAX_DURATION_MILLIS
com.actionbarsherlock.internal.widget.IcsAdapterView$AdapterDataSetObserver:
    807:808:public void clearSavedState()
com.actionbarsherlock.internal.widget.IcsLinearLayout:
    private static final int LinearLayout_divider
    private static final int LinearLayout_showDividers
    private static final int LinearLayout_dividerPadding
com.actionbarsherlock.internal.widget.IcsListPopupWindow:
    private static final int EXPAND_LIST_TIMEOUT